TN:
SF:script/Counter.s.sol
DA:10,0
FN:10,CounterScript.setUp
FNDA:0,CounterScript.setUp
DA:12,0
FN:12,CounterScript.run
FNDA:0,CounterScript.run
DA:13,0
DA:15,0
DA:17,0
FNF:2
FNH:0
LF:5
LH:0
BRF:0
BRH:0
end_of_record
TN:
SF:script/Deploy.s.sol
DA:8,0
FN:8,DeployScript.run
FNDA:0,DeployScript.run
DA:9,0
DA:10,0
DA:11,0
FNF:1
FNH:0
LF:4
LH:0
BRF:0
BRH:0
end_of_record
TN:
SF:src/Counter.sol
DA:7,1002
FN:7,Counter.setNumber
FNDA:1002,Counter.setNumber
DA:8,1002
DA:11,1
FN:11,Counter.increment
FNDA:1,Counter.increment
DA:12,1
FNF:2
FNH:2
LF:4
LH:4
BRF:0
BRH:0
end_of_record
TN:
SF:src/MyToken.sol
DA:16,24
FN:16,MyToken.constructor
FNDA:24,MyToken.constructor
DA:17,24
DA:18,24
DA:19,24
DA:22,50935
FN:22,MyToken.transfer
FNDA:50935,MyToken.transfer
DA:23,50935
BRDA:23,0,0,1
BRDA:23,0,1,50934
DA:24,50934
BRDA:24,1,0,1
BRDA:24,1,1,50933
DA:26,50933
DA:27,50933
DA:28,50933
DA:29,50933
DA:32,51277
FN:32,MyToken.approve
FNDA:51277,MyToken.approve
DA:33,51277
BRDA:33,2,0,1
BRDA:33,2,1,51276
DA:34,51276
DA:35,51276
DA:36,51276
DA:39,1004
FN:39,MyToken.transferFrom
FNDA:1004,MyToken.transferFrom
DA:40,1004
BRDA:40,3,0,1
BRDA:40,3,1,1003
DA:41,1003
BRDA:41,4,0,1
BRDA:41,4,1,1002
DA:42,1002
BRDA:42,5,0,1
BRDA:42,5,1,1001
DA:44,1001
DA:45,1001
DA:46,1001
DA:47,1001
DA:48,1001
DA:51,2035
FN:51,MyToken._mint
FNDA:2035,MyToken._mint
DA:52,2035
BRDA:52,6,0,1
BRDA:52,6,1,2034
DA:53,2034
DA:54,2034
DA:55,2034
DA:58,2011
FN:58,MyToken.mint
FNDA:2011,MyToken.mint
DA:59,2011
DA:62,1003
FN:62,MyToken.burn
FNDA:1003,MyToken.burn
DA:63,1003
BRDA:63,7,0,1
BRDA:63,7,1,1002
DA:64,1002
DA:65,1002
DA:66,1002
FNF:7
FNH:7
LF:37
LH:37
BRF:16
BRH:16
end_of_record
TN:
SF:test/MyToken.invariant.t.sol
DA:12,2
FN:12,Handler.constructor
FNDA:2,Handler.constructor
DA:13,2
DA:14,2
DA:15,2
DA:16,2
DA:19,2
DA:20,6
DA:24,49930
FN:24,Handler.transfer
FNDA:49930,Handler.transfer
DA:25,49930
DA:26,49930
DA:27,49930
DA:29,49930
DA:30,49930
DA:33,50270
FN:33,Handler.approve
FNDA:50270,Handler.approve
DA:34,50270
DA:35,50270
DA:36,50270
DA:38,50270
DA:39,50270
FNF:3
FNH:3
LF:19
LH:19
BRF:0
BRH:0
end_of_record
